#
# There is insufficient memory for the Java Runtime Environment to continue.
# Native memory allocation (mmap) failed to map 402653184 bytes for G1 virtual space
# Possible reasons:
#   The system is out of physical RAM or swap space
#   The process is running with CompressedOops enabled, and the Java Heap may be blocking the growth of the native heap
# Possible solutions:
#   Reduce memory load on the system
#   Increase physical memory or swap space
#   Check if swap backing store is full
#   Decrease Java heap size (-Xmx/-Xms)
#   Decrease number of Java threads
#   Decrease Java thread stack sizes (-Xss)
#   Set larger code cache with -XX:ReservedCodeCacheSize=
#   JVM is running with Zero Based Compressed Oops mode in which the Java heap is
#     placed in the first 32GB address space. The Java Heap base address is the
#     maximum limit for the native heap growth. Please use -XX:HeapBaseMinAddress
#     to set the Java Heap base and to place the Java Heap above 32GB virtual address.
# This output file may be truncated or incomplete.
#
#  Out of Memory Error (os_windows.cpp:3541), pid=19112, tid=18740
#
# JRE version:  (17.0.4+8) (build )
# Java VM: OpenJDK 64-Bit Server VM (17.0.4+8, mixed mode, sharing, tiered, compressed oops, compressed class ptrs, g1 gc, windows-amd64)
# No core dump will be written. Minidumps are not enabled by default on client versions of Windows
#

---------------  S U M M A R Y ------------

Command Line: -Dfile.encoding=UTF-8 -XX:+ShowCodeDetailsInExceptionMessages main.Main

Host: Intel(R) Core(TM) i5-2400 CPU @ 3.10GHz, 4 cores, 23G,  Windows 11 , 64 bit Build 22000 (10.0.22000.708)
Time: Tue Oct  4 19:41:59 2022 Hora estándar, América Central elapsed time: 0.017259 seconds (0d 0h 0m 0s)

---------------  T H R E A D  ---------------

Current thread (0x00000259b5bfe9c0):  JavaThread "Unknown thread" [_thread_in_vm, id=18740, stack(0x000000b922200000,0x000000b922300000)]

Stack: [0x000000b922200000,0x000000b922300000]
Native frames: (J=compiled Java code, j=interpreted, Vv=VM code, C=native code)
V  [jvm.dll+0x67733a]
V  [jvm.dll+0x8323c4]
V  [jvm.dll+0x833b6e]
V  [jvm.dll+0x8341d3]
V  [jvm.dll+0x2455e5]
V  [jvm.dll+0x674229]
V  [jvm.dll+0x668ab2]
V  [jvm.dll+0x30458b]
V  [jvm.dll+0x30bad6]
V  [jvm.dll+0x35ba7e]
V  [jvm.dll+0x35bcaf]
V  [jvm.dll+0x2db428]
V  [jvm.dll+0x2dc394]
V  [jvm.dll+0x803ef1]
V  [jvm.dll+0x3698d1]
V  [jvm.dll+0x7e320c]
V  [jvm.dll+0x3ec23f]
V  [jvm.dll+0x3eddc1]
C  [jli.dll+0x5277]
C  [ucrtbase.dll+0x26c0c]
C  [KERNEL32.DLL+0x154e0]
C  [ntdll.dll+0x485b]


---------------  P R O C E S S  ---------------

Threads class SMR info:
_java_thread_list=0x00007ffbbbd74e98, length=0, elements={
}

Java Threads: ( => current thread )

Other Threads:
  0x00000259b5c86720 GCTaskThread "GC Thread#0" [stack: 0x000000b922300000,0x000000b922400000] [id=19312]
  0x00000259b5c93570 ConcurrentGCThread "G1 Main Marker" [stack: 0x000000b922400000,0x000000b922500000] [id=17104]
  0x00000259b5c94880 ConcurrentGCThread "G1 Conc#0" [stack: 0x000000b922500000,0x000000b922600000] [id=352]

[error occurred during error reporting (printing all threads), id 0xc0000005, EXCEPTION_ACCESS_VIOLATION (0xc0000005) at pc=0x00007ffbbb54beb7]

VM state: not at safepoint (not fully initialized)

VM Mutex/Monitor currently owned by a thread:  ([mutex/lock_event])
[0x00000259b5bf8670] Heap_lock - owner thread: 0x00000259b5bfe9c0

Heap address: 0x0000000681c00000, size: 6116 MB, Compressed Oops mode: Zero based, Oop shift amount: 3

CDS archive(s) mapped at: [0x0000000000000000-0x0000000000000000-0x0000000000000000), size 0, SharedBaseAddress: 0x0000000800000000, ArchiveRelocationMode: 0.
Narrow klass base: 0x0000000000000000, Narrow klass shift: 0, Narrow klass range: 0x0

GC Precious Log:
<Empty>

Heap:
 garbage-first heap   total 0K, used 0K [0x0000000681c00000, 0x0000000800000000)
  region size 4096K, 0 young (0K), 0 survivors (0K)

[error occurred during error reporting (printing heap information), id 0xc0000005, EXCEPTION_ACCESS_VIOLATION (0xc0000005) at pc=0x00007ffbbb9306b9]

GC Heap History (0 events):
No events

Deoptimization events (0 events):
No events

Classes unloaded (0 events):
No events

Classes redefined (0 events):
No events

Internal exceptions (0 events):
No events

VM Operations (0 events):
No events

Events (1 events):
Event: 0.008 Loaded shared library C:\Users\UNI\.p2\pool\plugins\org.eclipse.justj.openjdk.hotspot.jre.full.win32.x86_64_17.0.4.v20220805-1047\jre\bin\java.dll


Dynamic libraries:
0x00007ff7c4520000 - 0x00007ff7c452e000 	C:\Users\UNI\.p2\pool\plugins\org.eclipse.justj.openjdk.hotspot.jre.full.win32.x86_64_17.0.4.v20220805-1047\jre\bin\javaw.exe
0x00007ffc2e840000 - 0x00007ffc2ea49000 	C:\Windows\SYSTEM32\ntdll.dll
0x00007ffc2caa0000 - 0x00007ffc2cb5d000 	C:\Windows\System32\KERNEL32.DLL
0x00007ffc2c320000 - 0x00007ffc2c69c000 	C:\Windows\System32\KERNELBASE.dll
0x00007ffc2bcf0000 - 0x00007ffc2be01000 	C:\Windows\System32\ucrtbase.dll
0x00007ffc1b680000 - 0x00007ffc1b698000 	C:\Users\UNI\.p2\pool\plugins\org.eclipse.justj.openjdk.hotspot.jre.full.win32.x86_64_17.0.4.v20220805-1047\jre\bin\jli.dll
0x00007ffc2c870000 - 0x00007ffc2ca1d000 	C:\Windows\System32\USER32.dll
0x00007ffc2c2f0000 - 0x00007ffc2c316000 	C:\Windows\System32\win32u.dll
0x00007ffc2c840000 - 0x00007ffc2c869000 	C:\Windows\System32\GDI32.dll
0x00007ffc2c1d0000 - 0x00007ffc2c2e9000 	C:\Windows\System32\gdi32full.dll
0x00007ffc2c130000 - 0x00007ffc2c1cd000 	C:\Windows\System32\msvcp_win.dll
0x00007ffc1b840000 - 0x00007ffc1b859000 	C:\Users\UNI\.p2\pool\plugins\org.eclipse.justj.openjdk.hotspot.jre.full.win32.x86_64_17.0.4.v20220805-1047\jre\bin\VCRUNTIME140.dll
0x00007ffc20a40000 - 0x00007ffc20ce5000 	C:\Windows\WinSxS\amd64_microsoft.windows.common-controls_6595b64144ccf1df_6.0.22000.120_none_9d947278b86cc467\COMCTL32.dll
0x00007ffc2c790000 - 0x00007ffc2c833000 	C:\Windows\System32\msvcrt.dll
0x00007ffc2cd50000 - 0x00007ffc2cd81000 	C:\Windows\System32\IMM32.DLL
0x00007ffc1b830000 - 0x00007ffc1b83c000 	C:\Users\UNI\.p2\pool\plugins\org.eclipse.justj.openjdk.hotspot.jre.full.win32.x86_64_17.0.4.v20220805-1047\jre\bin\vcruntime140_1.dll
0x00007ffc02d40000 - 0x00007ffc02dd1000 	C:\Users\UNI\.p2\pool\plugins\org.eclipse.justj.openjdk.hotspot.jre.full.win32.x86_64_17.0.4.v20220805-1047\jre\bin\msvcp140.dll
0x00007ffbbb260000 - 0x00007ffbbbea6000 	C:\Users\UNI\.p2\pool\plugins\org.eclipse.justj.openjdk.hotspot.jre.full.win32.x86_64_17.0.4.v20220805-1047\jre\bin\server\jvm.dll
0x00007ffc2d000000 - 0x00007ffc2d0ae000 	C:\Windows\System32\ADVAPI32.dll
0x00007ffc2d270000 - 0x00007ffc2d30e000 	C:\Windows\System32\sechost.dll
0x00007ffc2d7b0000 - 0x00007ffc2d8d0000 	C:\Windows\System32\RPCRT4.dll
0x00007ffc2ddb0000 - 0x00007ffc2ddb8000 	C:\Windows\System32\PSAPI.DLL
0x00007ffc27570000 - 0x00007ffc27579000 	C:\Windows\SYSTEM32\WSOCK32.dll
0x00007ffc2d8d0000 - 0x00007ffc2d93f000 	C:\Windows\System32\WS2_32.dll
0x00007ffc1c830000 - 0x00007ffc1c863000 	C:\Windows\SYSTEM32\WINMM.dll
0x00007ffc242d0000 - 0x00007ffc242da000 	C:\Windows\SYSTEM32\VERSION.dll
0x00007ffc2aed0000 - 0x00007ffc2aee8000 	C:\Windows\SYSTEM32\kernel.appcore.dll
0x00007ffc1bfb0000 - 0x00007ffc1bfba000 	C:\Users\UNI\.p2\pool\plugins\org.eclipse.justj.openjdk.hotspot.jre.full.win32.x86_64_17.0.4.v20220805-1047\jre\bin\jimage.dll
0x00007ffc19d40000 - 0x00007ffc19f61000 	C:\Windows\SYSTEM32\DBGHELP.DLL
0x00007ffc19c70000 - 0x00007ffc19ca1000 	C:\Windows\SYSTEM32\dbgcore.DLL
0x00007ffc2c0b0000 - 0x00007ffc2c12f000 	C:\Windows\System32\bcryptPrimitives.dll
0x00007ffc1ba40000 - 0x00007ffc1ba65000 	C:\Users\UNI\.p2\pool\plugins\org.eclipse.justj.openjdk.hotspot.jre.full.win32.x86_64_17.0.4.v20220805-1047\jre\bin\java.dll

dbghelp: loaded successfully - version: 4.0.5 - missing functions: none
symbol engine: initialized successfully - sym options: 0x614 - pdb path: .;C:\Users\UNI\.p2\pool\plugins\org.eclipse.justj.openjdk.hotspot.jre.full.win32.x86_64_17.0.4.v20220805-1047\jre\bin;C:\Windows\SYSTEM32;C:\Windows\WinSxS\amd64_microsoft.windows.common-controls_6595b64144ccf1df_6.0.22000.120_none_9d947278b86cc467;C:\Users\UNI\.p2\pool\plugins\org.eclipse.justj.openjdk.hotspot.jre.full.win32.x86_64_17.0.4.v20220805-1047\jre\bin\server

VM Arguments:
jvm_args: -Dfile.encoding=UTF-8 -XX:+ShowCodeDetailsInExceptionMessages 
java_command: main.Main
java_class_path (initial): C:\Users\UNI\Documents\GitHub\TareadeCurso\bin
Launcher Type: SUN_STANDARD

[Global flags]
     intx CICompilerCount                          = 3                                         {product} {ergonomic}
     uint ConcGCThreads                            = 1                                         {product} {ergonomic}
     uint G1ConcRefinementThreads                  = 4                                         {product} {ergonomic}
   size_t G1HeapRegionSize                         = 4194304                                   {product} {ergonomic}
    uintx GCDrainStackTargetSize                   = 64                                        {product} {ergonomic}
   size_t InitialHeapSize                          = 402653184                                 {product} {ergonomic}
   size_t MarkStackSize                            = 4194304                                   {product} {ergonomic}
   size_t MaxHeapSize                              = 6413090816                                {product} {ergonomic}
   size_t MinHeapDeltaBytes                        = 4194304                                   {product} {ergonomic}
   size_t MinHeapSize                              = 8388608                                   {product} {ergonomic}
    uintx NonNMethodCodeHeapSize                   = 5832780                                {pd product} {ergonomic}
    uintx NonProfiledCodeHeapSize                  = 122912730                              {pd product} {ergonomic}
    uintx ProfiledCodeHeapSize                     = 122912730                              {pd product} {ergonomic}
    uintx ReservedCodeCacheSize                    = 251658240                              {pd product} {ergonomic}
     bool SegmentedCodeCache                       = true                                      {product} {ergonomic}
     bool ShowCodeDetailsInExceptionMessages       = true                                   {manageable} {command line}
   size_t SoftMaxHeapSize                          = 6413090816                             {manageable} {ergonomic}
     bool UseCompressedClassPointers               = true                           {product lp64_product} {ergonomic}
     bool UseCompressedOops                        = true                           {product lp64_product} {ergonomic}
     bool UseG1GC                                  = true                                      {product} {ergonomic}
     bool UseLargePagesIndividualAllocation        = false                                  {pd product} {ergonomic}

Logging:
Log output configuration:
 #0: stdout all=warning uptime,level,tags
 #1: stderr all=off uptime,level,tags

Environment Variables:
PATH=C:/Users/UNI/.p2/pool/plugins/org.eclipse.justj.openjdk.hotspot.jre.full.win32.x86_64_17.0.4.v20220805-1047/jre/bin/server;C:/Users/UNI/.p2/pool/plugins/org.eclipse.justj.openjdk.hotspot.jre.full.win32.x86_64_17.0.4.v20220805-1047/jre/bin;C:\Program Files (x86)\VMware\VMware Workstation\bin\;C:\Program Files (x86)\Common Files\Oracle\Java\javapath;C:\Program Files\Eclipse Adoptium\jdk-17.0.4.8-hotspot\bin;C:\Windows\system32;C:\Windows;C:\Windows\System32\Wbem;C:\Windows\System32\WindowsPowerShell\v1.0\;C:\Windows\System32\OpenSSH\;C:\Program Files\Git\cmd;C:\Program Files\PuTTY\;C:\Users\UNI\AppData\Local\Microsoft\WindowsApps;C:\Users\UNI\AppData\Local\Programs\Microsoft VS Code\bin;C:\Users\UNI\AppData\Local\GitHubDesktop\bin;C:\Users\UNI\Desktop;
USERNAME=UNI
OS=Windows_NT
PROCESSOR_IDENTIFIER=Intel64 Family 6 Model 42 Stepping 7, GenuineIntel
TMP=C:\Users\UNI\AppData\Local\Temp
TEMP=C:\Users\UNI\AppData\Local\Temp



---------------  S Y S T E M  ---------------

OS:
 Windows 11 , 64 bit Build 22000 (10.0.22000.708)
OS uptime: 0 days 7:49 hours

CPU: total 4 (initial active 4) (4 cores per cpu, 1 threads per core) family 6 model 42 stepping 7 microcode 0x2f, cx8, cmov, fxsr, mmx, sse, sse2, sse3, ssse3, sse4.1, sse4.2, popcnt, tsc, tscinvbit, avx, aes, clmul, vzeroupper, clflush

Memory: 4k page, system-wide physical 24456M (16470M free)
TotalPageFile size 37162M (AvailPageFile size 232M)
current process WorkingSet (physical memory assigned to process): 10M, peak: 10M
current process commit charge ("private bytes"): 51M, peak: 435M

vm_info: OpenJDK 64-Bit Server VM (17.0.4+8) for windows-amd64 JRE (17.0.4+8), built on Jul 19 2022 16:05:16 by "temurin" with MS VC++ 16.7 (VS2019)

END.
